Base path: /home/diss/Unity-2018.2.6f1/Editor/Data
Cmd: initializeCompiler
Cmd: compileComputeKernel
  api=15 insize=1386 outsize=5397 ok=1
Cmd: compileComputeKernel
  api=15 insize=3182 outsize=6929 ok=1
Cmd: compileComputeKernel
  api=18 insize=3182 outsize=19305 ok=1
Cmd: compileComputeKernel
  api=18 insize=1484 outsize=12733 ok=1
Cmd: initializeCompiler
Cmd: initializeCompiler
Cmd: initializeCompiler
Cmd: initializeCompiler
Cmd: initializeCompiler
Cmd: initializeCompiler
Cmd: initializeCompiler
Cmd: initializeCompiler
Cmd: initializeCompiler
Cmd: initializeCompiler
Cmd: initializeCompiler
Cmd: initializeCompiler
Cmd: initializeCompiler
Cmd: initializeCompiler
Cmd: initializeCompiler
Cmd: initializeCompiler
Cmd: initializeCompiler

Quitting shader compiler process
