Base path: /home/diss/Unity-2018.2.6f1/Editor/Data
Cmd: initializeCompiler
Cmd: compileComputeKernel
  api=18 insize=1386 outsize=12965 ok=1
Cmd: compileComputeKernel
  api=15 insize=3182 outsize=3869 ok=1
Cmd: compileComputeKernel
  api=18 insize=3182 outsize=15105 ok=1
Cmd: compileComputeKernel
  api=18 insize=3182 outsize=8653 ok=1
Cmd: compileComputeKernel
  api=15 insize=1484 outsize=5661 ok=1
Cmd: compileComputeKernel
  api=15 insize=2285 outsize=5213 ok=1
Cmd: initializeCompiler
Cmd: initializeCompiler
Cmd: initializeCompiler
Cmd: initializeCompiler
Cmd: initializeCompiler
Cmd: initializeCompiler
Cmd: initializeCompiler
Cmd: initializeCompiler
Cmd: initializeCompiler
Cmd: initializeCompiler
Cmd: initializeCompiler
Cmd: initializeCompiler
Cmd: initializeCompiler
Cmd: initializeCompiler
Cmd: initializeCompiler
Cmd: initializeCompiler
Cmd: initializeCompiler

Quitting shader compiler process
