Base path: /home/diss/Unity-2018.2.6f1/Editor/Data
Cmd: initializeCompiler
Cmd: compileComputeKernel
  api=15 insize=1386 outsize=3661 ok=1
Cmd: compileComputeKernel
  api=15 insize=3182 outsize=10533 ok=1
Cmd: compileComputeKernel
  api=15 insize=1484 outsize=1029 ok=1
Cmd: compileComputeKernel
  api=18 insize=1484 outsize=1441 ok=1
Cmd: compileComputeKernel
  api=18 insize=2285 outsize=12101 ok=1
Cmd: initializeCompiler
Cmd: initializeCompiler
Cmd: initializeCompiler
Cmd: initializeCompiler
Cmd: initializeCompiler
Cmd: initializeCompiler
Cmd: initializeCompiler
Cmd: initializeCompiler
Cmd: initializeCompiler
Cmd: initializeCompiler
Cmd: initializeCompiler
Cmd: initializeCompiler
Cmd: initializeCompiler
Cmd: initializeCompiler
Cmd: initializeCompiler
Cmd: initializeCompiler
Cmd: initializeCompiler

Quitting shader compiler process
